2022/03/27 15:42:04 [notice] 1#1: using the "epoll" event method
2022/03/27 15:42:04 [notice] 1#1: nginx/1.21.6
2022/03/27 15:42:04 [notice] 1#1: built by gcc 10.2.1 20210110 (Debian 10.2.1-6) 
2022/03/27 15:42:04 [notice] 1#1: OS: Linux 5.10.104-linuxkit
2022/03/27 15:42:04 [notice] 1#1: getrlimit(RLIMIT_NOFILE): 1048576:1048576
2022/03/27 15:42:04 [notice] 1#1: start worker processes
2022/03/27 15:42:04 [notice] 1#1: start worker process 31
2022/03/27 15:42:04 [notice] 1#1: start worker process 32
2022/03/27 15:42:04 [notice] 1#1: start worker process 33
2022/03/27 15:42:04 [notice] 1#1: start worker process 34
2022/03/27 16:30:03 [notice] 1#1: signal 3 (SIGQUIT) received, shutting down
2022/03/27 16:30:03 [notice] 34#34: gracefully shutting down
2022/03/27 16:30:03 [notice] 31#31: gracefully shutting down
2022/03/27 16:30:03 [notice] 32#32: gracefully shutting down
2022/03/27 16:30:03 [notice] 33#33: gracefully shutting down
2022/03/27 16:30:03 [notice] 34#34: exiting
2022/03/27 16:30:03 [notice] 31#31: exiting
2022/03/27 16:30:03 [notice] 32#32: exiting
2022/03/27 16:30:03 [notice] 32#32: exit
2022/03/27 16:30:03 [notice] 34#34: exit
2022/03/27 16:30:03 [notice] 31#31: exit
2022/03/27 16:30:03 [notice] 33#33: exiting
2022/03/27 16:30:03 [notice] 33#33: exit
2022/03/27 16:30:03 [notice] 1#1: signal 17 (SIGCHLD) received from 31
2022/03/27 16:30:03 [notice] 1#1: worker process 31 exited with code 0
2022/03/27 16:30:03 [notice] 1#1: worker process 32 exited with code 0
2022/03/27 16:30:03 [notice] 1#1: worker process 34 exited with code 0
2022/03/27 16:30:03 [notice] 1#1: signal 29 (SIGIO) received
2022/03/27 16:30:03 [notice] 1#1: signal 17 (SIGCHLD) received from 32
2022/03/27 16:30:03 [notice] 1#1: signal 17 (SIGCHLD) received from 33
2022/03/27 16:30:03 [notice] 1#1: worker process 33 exited with code 0
2022/03/27 16:30:03 [notice] 1#1: exit
2022/03/27 16:46:43 [notice] 1#1: using the "epoll" event method
2022/03/27 16:46:43 [notice] 1#1: nginx/1.21.6
2022/03/27 16:46:43 [notice] 1#1: built by gcc 10.2.1 20210110 (Debian 10.2.1-6) 
2022/03/27 16:46:43 [notice] 1#1: OS: Linux 5.10.104-linuxkit
2022/03/27 16:46:43 [notice] 1#1: getrlimit(RLIMIT_NOFILE): 1048576:1048576
2022/03/27 16:46:43 [notice] 1#1: start worker processes
2022/03/27 16:46:43 [notice] 1#1: start worker process 32
2022/03/27 16:46:43 [notice] 1#1: start worker process 33
2022/03/27 16:46:43 [notice] 1#1: start worker process 34
2022/03/27 16:46:43 [notice] 1#1: start worker process 35
